<?xml version="1.0" encoding="UTF-8"?>
<testng-results skipped="0" failed="0" total="1" passed="1">
  <reporter-output>
  </reporter-output>
  <suite name="Default suite" duration-ms="16672" started-at="2016-07-18T20:04:48Z" finished-at="2016-07-18T20:05:05Z">
    <groups>
    </groups>
    <test name="Default test" duration-ms="16672" started-at="2016-07-18T20:04:48Z" finished-at="2016-07-18T20:05:05Z">
      <class name="Calculator">
        <test-method status="PASS" signature="setUp()[pri:0, instance:Calculator@88ff2c]" name="setUp" is-config="true" duration-ms="6992" started-at="2016-07-19T01:34:48Z" finished-at="2016-07-19T01:34:55Z">
          <reporter-output>
          </reporter-output>
        </test-method> <!-- setUp -->
        <test-method status="PASS" signature="testCal()[pri:0, instance:Calculator@88ff2c]" name="testCal" duration-ms="8757" started-at="2016-07-19T01:34:55Z" finished-at="2016-07-19T01:35:04Z">
          <reporter-output>
          </reporter-output>
        </test-method> <!-- testCal -->
        <test-method status="PASS" signature="teardown()[pri:0, instance:Calculator@88ff2c]" name="teardown" is-config="true" duration-ms="891" started-at="2016-07-19T01:35:04Z" finished-at="2016-07-19T01:35:05Z">
          <reporter-output>
          </reporter-output>
        </test-method> <!-- teardown -->
      </class> <!-- Calculator -->
    </test> <!-- Default test -->
  </suite> <!-- Default suite -->
</testng-results>
